0 info it worked if it ends with ok
1 verbose cli [ 'c:\\Program Files\\nodejs\\node.exe',
1 verbose cli   'c:\\Program Files\\nodejs\\node_modules\\npm\\bin\\npm-cli.js',
1 verbose cli   'install',
1 verbose cli   'https://github.com/jonthornton/jquery-timepicker/zipball/master' ]
2 info using npm@1.3.8
3 info using node@v0.10.18
4 verbose cache add [ 'https://github.com/jonthornton/jquery-timepicker/zipball/master',
4 verbose cache add   null ]
5 verbose cache add name=undefined spec="https://github.com/jonthornton/jquery-timepicker/zipball/master" args=["https://github.com/jonthornton/jquery-timepicker/zipball/master",null]
6 verbose parsed url { protocol: 'https:',
6 verbose parsed url   slashes: true,
6 verbose parsed url   auth: null,
6 verbose parsed url   host: 'github.com',
6 verbose parsed url   port: null,
6 verbose parsed url   hostname: 'github.com',
6 verbose parsed url   hash: null,
6 verbose parsed url   search: null,
6 verbose parsed url   query: null,
6 verbose parsed url   pathname: '/jonthornton/jquery-timepicker/zipball/master',
6 verbose parsed url   path: '/jonthornton/jquery-timepicker/zipball/master',
6 verbose parsed url   href: 'https://github.com/jonthornton/jquery-timepicker/zipball/master' }
7 silly lockFile 24edfecc-jquery-timepicker-zipball-master https://github.com/jonthornton/jquery-timepicker/zipball/master
8 verbose lock https://github.com/jonthornton/jquery-timepicker/zipball/master C:\Users\s106625\AppData\Roaming\npm-cache\24edfecc-jquery-timepicker-zipball-master.lock
9 verbose addRemoteTarball [ 'https://github.com/jonthornton/jquery-timepicker/zipball/master',
9 verbose addRemoteTarball   null ]
10 info retry fetch attempt 1 at 10:26:07
11 verbose fetch to= C:\Users\s106625\AppData\Local\Temp\npm-7856-iQE6QiyL\1381220767840-0.14964034757576883\tmp.tgz
12 http GET https://github.com/jonthornton/jquery-timepicker/zipball/master
13 http 200 https://github.com/jonthornton/jquery-timepicker/zipball/master
14 verbose tar unpack C:\Users\s106625\AppData\Local\Temp\npm-7856-iQE6QiyL\1381220767840-0.14964034757576883\tmp.tgz
15 silly lockFile 0bea1736-7840-0-14964034757576883-package tar://C:\Users\s106625\AppData\Local\Temp\npm-7856-iQE6QiyL\1381220767840-0.14964034757576883\package
16 verbose lock tar://C:\Users\s106625\AppData\Local\Temp\npm-7856-iQE6QiyL\1381220767840-0.14964034757576883\package C:\Users\s106625\AppData\Roaming\npm-cache\0bea1736-7840-0-14964034757576883-package.lock
17 silly lockFile 3f5c1798-7840-0-14964034757576883-tmp-tgz tar://C:\Users\s106625\AppData\Local\Temp\npm-7856-iQE6QiyL\1381220767840-0.14964034757576883\tmp.tgz
18 verbose lock tar://C:\Users\s106625\AppData\Local\Temp\npm-7856-iQE6QiyL\1381220767840-0.14964034757576883\tmp.tgz C:\Users\s106625\AppData\Roaming\npm-cache\3f5c1798-7840-0-14964034757576883-tmp-tgz.lock
19 silly gunzTarPerm modes [ '755', '644' ]
20 error not a package C:\Users\s106625\AppData\Local\Temp\npm-7856-iQE6QiyL\1381220767840-0.14964034757576883\tmp.tgz
21 silly lockFile 0bea1736-7840-0-14964034757576883-package tar://C:\Users\s106625\AppData\Local\Temp\npm-7856-iQE6QiyL\1381220767840-0.14964034757576883\package
22 silly lockFile 0bea1736-7840-0-14964034757576883-package tar://C:\Users\s106625\AppData\Local\Temp\npm-7856-iQE6QiyL\1381220767840-0.14964034757576883\package
23 silly lockFile 3f5c1798-7840-0-14964034757576883-tmp-tgz tar://C:\Users\s106625\AppData\Local\Temp\npm-7856-iQE6QiyL\1381220767840-0.14964034757576883\tmp.tgz
24 silly lockFile 3f5c1798-7840-0-14964034757576883-tmp-tgz tar://C:\Users\s106625\AppData\Local\Temp\npm-7856-iQE6QiyL\1381220767840-0.14964034757576883\tmp.tgz
25 silly lockFile 24edfecc-jquery-timepicker-zipball-master https://github.com/jonthornton/jquery-timepicker/zipball/master
26 silly lockFile 24edfecc-jquery-timepicker-zipball-master https://github.com/jonthornton/jquery-timepicker/zipball/master
27 error Error: ENOENT, open 'C:\Users\s106625\AppData\Local\Temp\npm-7856-iQE6QiyL\1381220767840-0.14964034757576883\package\package.json'
28 error If you need help, you may report this log at:
28 error     <http://github.com/isaacs/npm/issues>
28 error or email it to:
28 error     <npm-@googlegroups.com>
29 error System Windows_NT 6.1.7601
30 error command "c:\\Program Files\\nodejs\\node.exe" "c:\\Program Files\\nodejs\\node_modules\\npm\\bin\\npm-cli.js" "install" "https://github.com/jonthornton/jquery-timepicker/zipball/master"
31 error cwd D:\Documents\AptanaStudio3Workspace\project
32 error node -v v0.10.18
33 error npm -v 1.3.8
34 error path C:\Users\s106625\AppData\Local\Temp\npm-7856-iQE6QiyL\1381220767840-0.14964034757576883\package\package.json
35 error code ENOENT
36 error errno 34
37 verbose exit [ 34, true ]
